[2013-06-07 22:48:57] request.ERROR: Uncaught PHP Exception Symfony\Component\HttpKernel\Exception\NotFoundHttpException: "No route found for "GET /css/bootstrap.css"" at /var/www/symfony2_hostel/vendor/symfony/symfony/src/Symfony/Component/HttpKernel/EventListener/RouterListener.php line 94 [] []
[2013-06-07 22:49:04] request.ERROR: Uncaught PHP Exception Symfony\Component\HttpKernel\Exception\NotFoundHttpException: "No route found for "GET /css/bootstrap.css"" at /var/www/symfony2_hostel/vendor/symfony/symfony/src/Symfony/Component/HttpKernel/EventListener/RouterListener.php line 94 [] []
[2013-06-07 22:50:55] request.ERROR: Uncaught PHP Exception Symfony\Component\HttpKernel\Exception\NotFoundHttpException: "No route found for "GET /bootstrap/js/bootstrap.js"" at /var/www/symfony2_hostel/app/cache/prod/classes.php line 3622 [] []
[2013-06-07 22:53:10] request.ERROR: Uncaught PHP Exception Symfony\Component\HttpKernel\Exception\NotFoundHttpException: "No route found for "GET /bootstrap/js/bootstrap.js"" at /var/www/symfony2_hostel/app/cache/prod/classes.php line 3622 [] []
[2013-06-07 23:07:37] request.ERROR: Uncaught PHP Exception Symfony\Component\HttpKernel\Exception\NotFoundHttpException: "No route found for "GET /"" at /var/www/symfony2_hostel/app/cache/prod/classes.php line 3622 [] []
[2013-06-07 23:09:19] request.ERROR: Uncaught PHP Exception Symfony\Component\HttpKernel\Exception\NotFoundHttpException: "No route found for "GET /bootstrap/js/bootstrap.js"" at /var/www/symfony2_hostel/app/cache/prod/classes.php line 3622 [] []
[2013-06-07 23:13:21] request.ERROR: Uncaught PHP Exception Symfony\Component\HttpKernel\Exception\NotFoundHttpException: "No route found for "GET /bootstrap/js/bootstrap.js"" at /var/www/symfony2_hostel/app/cache/prod/classes.php line 3622 [] []
[2013-06-07 23:13:31] request.ERROR: Uncaught PHP Exception Symfony\Component\HttpKernel\Exception\NotFoundHttpException: "No route found for "GET /bootstrap/js/bootstrap.js"" at /var/www/symfony2_hostel/app/cache/prod/classes.php line 3622 [] []
[2013-06-07 23:14:28] request.ERROR: Uncaught PHP Exception Symfony\Component\HttpKernel\Exception\NotFoundHttpException: "No route found for "GET /bootstrap/js/bootstrap.js"" at /var/www/symfony2_hostel/app/cache/prod/classes.php line 3622 [] []
[2013-06-08 15:50:14] request.ERROR: Uncaught PHP Exception Symfony\Component\HttpKernel\Exception\NotFoundHttpException: "No route found for "GET /bootstrap/js/bootstrap.js"" at /var/www/symfony2_hostel/app/cache/prod/classes.php line 3622 [] []
[2013-06-08 16:03:26] request.ERROR: Uncaught PHP Exception Symfony\Component\HttpKernel\Exception\NotFoundHttpException: "No route found for "GET /assets/css/themes/headers/default.css"" at /var/www/symfony2_hostel/app/cache/prod/classes.php line 3622 [] []
[2013-06-08 16:04:45] request.ERROR: Uncaught PHP Exception Symfony\Component\HttpKernel\Exception\NotFoundHttpException: "No route found for "GET /assets/css/themes/headers/default.css"" at /var/www/symfony2_hostel/app/cache/prod/classes.php line 3622 [] []
[2013-06-08 16:19:50] request.ERROR: Uncaught PHP Exception Symfony\Component\HttpKernel\Exception\NotFoundHttpException: "No route found for "GET /assets/css/themes/headers/default.css"" at /var/www/symfony2_hostel/app/cache/prod/classes.php line 3622 [] []
[2013-06-08 16:24:17] request.ERROR: Uncaught PHP Exception Symfony\Component\HttpKernel\Exception\NotFoundHttpException: "No route found for "GET /assets/css/themes/headers/default.css"" at /var/www/symfony2_hostel/app/cache/prod/classes.php line 3622 [] []
[2013-06-08 16:29:03] request.ERROR: Uncaught PHP Exception Symfony\Component\HttpKernel\Exception\NotFoundHttpException: "No route found for "GET /assets/css/themes/headers/default.css"" at /var/www/symfony2_hostel/app/cache/prod/classes.php line 3622 [] []
[2013-06-08 16:29:33] request.ERROR: Uncaught PHP Exception Symfony\Component\HttpKernel\Exception\NotFoundHttpException: "No route found for "GET /assets/css/themes/headers/default.css"" at /var/www/symfony2_hostel/app/cache/prod/classes.php line 3622 [] []
[2013-06-08 16:29:48] request.ERROR: Uncaught PHP Exception Symfony\Component\HttpKernel\Exception\NotFoundHttpException: "No route found for "GET /assets/css/themes/headers/default.css"" at /var/www/symfony2_hostel/app/cache/prod/classes.php line 3622 [] []
[2013-06-08 16:34:07] request.ERROR: Uncaught PHP Exception Symfony\Component\HttpKernel\Exception\NotFoundHttpException: "No route found for "GET /assets/css/themes/headers/default.css"" at /var/www/symfony2_hostel/app/cache/prod/classes.php line 3622 [] []
[2013-06-08 16:45:49] request.ERROR: Uncaught PHP Exception Symfony\Component\HttpKernel\Exception\NotFoundHttpException: "No route found for "GET /assets/css/themes/headers/default.css"" at /var/www/symfony2_hostel/app/cache/prod/classes.php line 3622 [] []
[2013-06-08 16:46:13] request.ERROR: Uncaught PHP Exception Symfony\Component\HttpKernel\Exception\NotFoundHttpException: "No route found for "GET /assets/css/themes/headers/default.css"" at /var/www/symfony2_hostel/app/cache/prod/classes.php line 3622 [] []
[2013-06-08 16:46:19] request.ERROR: Uncaught PHP Exception Symfony\Component\HttpKernel\Exception\NotFoundHttpException: "No route found for "GET /assets/css/themes/headers/default.css"" at /var/www/symfony2_hostel/app/cache/prod/classes.php line 3622 [] []
[2013-06-08 16:47:32] request.ERROR: Uncaught PHP Exception Symfony\Component\HttpKernel\Exception\NotFoundHttpException: "No route found for "GET /assets/css/themes/headers/default.css"" at /var/www/symfony2_hostel/app/cache/prod/classes.php line 3622 [] []
[2013-06-08 16:47:39] request.ERROR: Uncaught PHP Exception Symfony\Component\HttpKernel\Exception\NotFoundHttpException: "No route found for "GET /assets/css/themes/headers/default.css"" at /var/www/symfony2_hostel/app/cache/prod/classes.php line 3622 [] []
[2013-06-08 16:47:39] request.ERROR: Uncaught PHP Exception Symfony\Component\HttpKernel\Exception\NotFoundHttpException: "No route found for "GET /booking/assets/img/up.png"" at /var/www/symfony2_hostel/app/cache/prod/classes.php line 3622 [] []
[2013-06-08 16:51:09] request.ERROR: Uncaught PHP Exception Symfony\Component\HttpKernel\Exception\NotFoundHttpException: "No route found for "GET /assets/css/themes/headers/default.css"" at /var/www/symfony2_hostel/app/cache/prod/classes.php line 3622 [] []
[2013-06-08 16:51:09] request.ERROR: Uncaught PHP Exception Symfony\Component\HttpKernel\Exception\NotFoundHttpException: "No route found for "GET /booking/assets/img/up.png"" at /var/www/symfony2_hostel/app/cache/prod/classes.php line 3622 [] []
[2013-06-08 17:05:08] request.ERROR: Uncaught PHP Exception Symfony\Component\HttpKernel\Exception\NotFoundHttpException: "No route found for "GET /assets/css/themes/headers/default.css"" at /var/www/symfony2_hostel/app/cache/prod/classes.php line 3622 [] []
[2013-06-08 17:05:08] request.ERROR: Uncaught PHP Exception Symfony\Component\HttpKernel\Exception\NotFoundHttpException: "No route found for "GET /booking/assets/img/up.png"" at /var/www/symfony2_hostel/app/cache/prod/classes.php line 3622 [] []
[2013-06-08 17:07:30] request.ERROR: Uncaught PHP Exception Symfony\Component\HttpKernel\Exception\NotFoundHttpException: "No route found for "GET /"" at /var/www/symfony2_hostel/app/cache/prod/classes.php line 3622 [] []
[2013-06-08 17:09:56] request.ERROR: Uncaught PHP Exception Symfony\Component\HttpKernel\Exception\NotFoundHttpException: "No route found for "GET /assets/css/themes/headers/default.css"" at /var/www/symfony2_hostel/app/cache/prod/classes.php line 3622 [] []
[2013-06-08 17:37:11] request.ERROR: Uncaught PHP Exception Symfony\Component\HttpKernel\Exception\NotFoundHttpException: "No route found for "GET /assets/css/themes/headers/default.css"" at /var/www/symfony2_hostel/app/cache/prod/classes.php line 3622 [] []
[2013-06-08 17:39:42] request.ERROR: Uncaught PHP Exception Symfony\Component\HttpKernel\Exception\NotFoundHttpException: "No route found for "GET /assets/css/themes/headers/default.css"" at /var/www/symfony2_hostel/app/cache/prod/classes.php line 3622 [] []
[2013-06-08 17:39:57] request.ERROR: Uncaught PHP Exception Symfony\Component\HttpKernel\Exception\NotFoundHttpException: "No route found for "GET /blog.html"" at /var/www/symfony2_hostel/app/cache/prod/classes.php line 3622 [] []
[2013-06-08 17:40:28] request.ERROR: Uncaught PHP Exception Symfony\Component\HttpKernel\Exception\NotFoundHttpException: "No route found for "GET /assets/css/themes/headers/default.css"" at /var/www/symfony2_hostel/app/cache/prod/classes.php line 3622 [] []
[2013-06-08 17:44:40] request.ERROR: Uncaught PHP Exception Symfony\Component\HttpKernel\Exception\NotFoundHttpException: "No route found for "GET /assets/css/themes/headers/default.css"" at /var/www/symfony2_hostel/app/cache/prod/classes.php line 3622 [] []
[2013-06-08 17:45:06] request.ERROR: Uncaught PHP Exception Symfony\Component\HttpKernel\Exception\NotFoundHttpException: "No route found for "GET /assets/css/themes/headers/default.css"" at /var/www/symfony2_hostel/app/cache/prod/classes.php line 3622 [] []
[2013-06-08 17:45:07] request.ERROR: Uncaught PHP Exception Symfony\Component\HttpKernel\Exception\NotFoundHttpException: "No route found for "GET /assets/css/themes/headers/default.css"" at /var/www/symfony2_hostel/app/cache/prod/classes.php line 3622 [] []
[2013-06-08 17:45:09] request.ERROR: Uncaught PHP Exception Symfony\Component\HttpKernel\Exception\NotFoundHttpException: "No route found for "GET /assets/css/themes/headers/default.css"" at /var/www/symfony2_hostel/app/cache/prod/classes.php line 3622 [] []
[2013-06-08 17:47:02] request.ERROR: Uncaught PHP Exception Symfony\Component\HttpKernel\Exception\NotFoundHttpException: "No route found for "GET /assets/css/themes/headers/default.css"" at /var/www/symfony2_hostel/app/cache/prod/classes.php line 3622 [] []
[2013-06-08 17:53:50] request.ERROR: Uncaught PHP Exception Symfony\Component\HttpKernel\Exception\NotFoundHttpException: "No route found for "GET /assets/css/themes/headers/default.css"" at /var/www/symfony2_hostel/app/cache/prod/classes.php line 3622 [] []
[2013-06-08 17:54:08] request.ERROR: Uncaught PHP Exception Symfony\Component\HttpKernel\Exception\NotFoundHttpException: "No route found for "GET /assets/css/themes/headers/default.css"" at /var/www/symfony2_hostel/app/cache/prod/classes.php line 3622 [] []
[2013-06-08 17:54:24] request.ERROR: Uncaught PHP Exception Symfony\Component\HttpKernel\Exception\NotFoundHttpException: "No route found for "GET /assets/css/themes/headers/default.css"" at /var/www/symfony2_hostel/app/cache/prod/classes.php line 3622 [] []
[2013-06-08 17:55:20] request.ERROR: Uncaught PHP Exception Symfony\Component\HttpKernel\Exception\NotFoundHttpException: "No route found for "GET /assets/css/themes/headers/default.css"" at /var/www/symfony2_hostel/app/cache/prod/classes.php line 3622 [] []
[2013-06-08 17:59:47] request.ERROR: Uncaught PHP Exception Symfony\Component\HttpKernel\Exception\NotFoundHttpException: "No route found for "GET /assets/css/themes/headers/default.css"" at /var/www/symfony2_hostel/app/cache/prod/classes.php line 3622 [] []
[2013-06-08 18:04:41] request.ERROR: Uncaught PHP Exception Symfony\Component\HttpKernel\Exception\NotFoundHttpException: "No route found for "GET /assets/css/themes/headers/default.css"" at /var/www/symfony2_hostel/app/cache/prod/classes.php line 3622 [] []
[2013-06-08 18:09:42] request.ERROR: Uncaught PHP Exception Symfony\Component\HttpKernel\Exception\NotFoundHttpException: "No route found for "GET /assets/css/themes/headers/default.css"" at /var/www/symfony2_hostel/app/cache/prod/classes.php line 3622 [] []
[2013-06-08 18:11:40] request.ERROR: Uncaught PHP Exception Symfony\Component\HttpKernel\Exception\NotFoundHttpException: "No route found for "GET /assets/css/themes/headers/default.css"" at /var/www/symfony2_hostel/app/cache/prod/classes.php line 3622 [] []
[2013-06-08 18:12:21] request.ERROR: Uncaught PHP Exception Symfony\Component\HttpKernel\Exception\NotFoundHttpException: "No route found for "GET /assets/css/themes/headers/default.css"" at /var/www/symfony2_hostel/app/cache/prod/classes.php line 3622 [] []
[2013-06-08 18:13:16] request.ERROR: Uncaught PHP Exception Symfony\Component\HttpKernel\Exception\NotFoundHttpException: "No route found for "GET /assets/css/themes/headers/default.css"" at /var/www/symfony2_hostel/app/cache/prod/classes.php line 3622 [] []
[2013-06-08 18:13:57] request.ERROR: Uncaught PHP Exception Symfony\Component\HttpKernel\Exception\NotFoundHttpException: "No route found for "GET /assets/css/themes/headers/default.css"" at /var/www/symfony2_hostel/app/cache/prod/classes.php line 3622 [] []
[2013-06-08 18:16:01] request.ERROR: Uncaught PHP Exception Symfony\Component\HttpKernel\Exception\NotFoundHttpException: "No route found for "GET /assets/css/themes/headers/default.css"" at /var/www/symfony2_hostel/app/cache/prod/classes.php line 3622 [] []
[2013-06-08 18:22:42] request.ERROR: Uncaught PHP Exception Symfony\Component\HttpKernel\Exception\NotFoundHttpException: "No route found for "GET /assets/css/themes/headers/default.css"" at /var/www/symfony2_hostel/app/cache/prod/classes.php line 3622 [] []
[2013-06-08 18:23:42] request.ERROR: Uncaught PHP Exception Symfony\Component\HttpKernel\Exception\NotFoundHttpException: "No route found for "GET /assets/css/themes/headers/default.css"" at /var/www/symfony2_hostel/app/cache/prod/classes.php line 3622 [] []
[2013-06-08 18:24:38] request.ERROR: Uncaught PHP Exception Symfony\Component\HttpKernel\Exception\NotFoundHttpException: "No route found for "GET /assets/css/themes/headers/default.css"" at /var/www/symfony2_hostel/app/cache/prod/classes.php line 3622 [] []
[2013-06-08 18:39:28] request.ERROR: Uncaught PHP Exception Symfony\Component\HttpKernel\Exception\NotFoundHttpException: "No route found for "GET /assets/css/themes/headers/default.css"" at /var/www/symfony2_hostel/app/cache/prod/classes.php line 3622 [] []
[2013-06-08 18:39:56] request.ERROR: Uncaught PHP Exception Symfony\Component\HttpKernel\Exception\NotFoundHttpException: "No route found for "GET /assets/css/themes/headers/default.css"" at /var/www/symfony2_hostel/app/cache/prod/classes.php line 3622 [] []
[2013-06-08 18:41:04] request.ERROR: Uncaught PHP Exception Symfony\Component\HttpKernel\Exception\NotFoundHttpException: "No route found for "GET /assets/css/themes/headers/default.css"" at /var/www/symfony2_hostel/app/cache/prod/classes.php line 3622 [] []
[2013-06-08 18:55:20] request.ERROR: Uncaught PHP Exception Symfony\Component\HttpKernel\Exception\NotFoundHttpException: "No route found for "GET /assets/css/themes/headers/default.css"" at /var/www/symfony2_hostel/app/cache/prod/classes.php line 3622 [] []
[2013-06-08 18:55:51] request.ERROR: Uncaught PHP Exception Symfony\Component\HttpKernel\Exception\NotFoundHttpException: "No route found for "GET /assets/css/themes/headers/default.css"" at /var/www/symfony2_hostel/app/cache/prod/classes.php line 3622 [] []
[2013-06-08 18:56:46] request.ERROR: Uncaught PHP Exception Symfony\Component\HttpKernel\Exception\NotFoundHttpException: "No route found for "GET /assets/css/themes/headers/default.css"" at /var/www/symfony2_hostel/app/cache/prod/classes.php line 3622 [] []
[2013-06-08 18:57:24] request.ERROR: Uncaught PHP Exception Symfony\Component\HttpKernel\Exception\NotFoundHttpException: "No route found for "GET /assets/css/themes/headers/default.css"" at /var/www/symfony2_hostel/app/cache/prod/classes.php line 3622 [] []
[2013-06-08 18:58:30] request.ERROR: Uncaught PHP Exception Symfony\Component\HttpKernel\Exception\NotFoundHttpException: "No route found for "GET /assets/css/themes/headers/default.css"" at /var/www/symfony2_hostel/app/cache/prod/classes.php line 3622 [] []
[2013-06-08 18:59:42] request.ERROR: Uncaught PHP Exception Symfony\Component\HttpKernel\Exception\NotFoundHttpException: "No route found for "GET /assets/css/themes/headers/default.css"" at /var/www/symfony2_hostel/app/cache/prod/classes.php line 3622 [] []
[2013-06-08 19:01:02] request.ERROR: Uncaught PHP Exception Symfony\Component\HttpKernel\Exception\NotFoundHttpException: "No route found for "GET /assets/css/themes/headers/default.css"" at /var/www/symfony2_hostel/app/cache/prod/classes.php line 3622 [] []
[2013-06-08 19:02:38] request.ERROR: Uncaught PHP Exception Symfony\Component\HttpKernel\Exception\NotFoundHttpException: "No route found for "GET /assets/css/themes/headers/default.css"" at /var/www/symfony2_hostel/app/cache/prod/classes.php line 3622 [] []
[2013-06-08 19:03:00] request.ERROR: Uncaught PHP Exception Symfony\Component\HttpKernel\Exception\NotFoundHttpException: "No route found for "GET /assets/css/themes/headers/default.css"" at /var/www/symfony2_hostel/app/cache/prod/classes.php line 3622 [] []
[2013-06-08 19:10:03] request.ERROR: Uncaught PHP Exception Symfony\Component\HttpKernel\Exception\NotFoundHttpException: "No route found for "GET /assets/css/themes/headers/default.css"" at /var/www/symfony2_hostel/app/cache/prod/classes.php line 3622 [] []
[2013-06-08 19:17:08] request.ERROR: Uncaught PHP Exception Symfony\Component\HttpKernel\Exception\NotFoundHttpException: "No route found for "GET /assets/css/themes/headers/default.css"" at /var/www/symfony2_hostel/app/cache/prod/classes.php line 3622 [] []
[2013-06-08 19:20:15] request.ERROR: Uncaught PHP Exception Symfony\Component\HttpKernel\Exception\NotFoundHttpException: "No route found for "GET /assets/css/themes/headers/default.css"" at /var/www/symfony2_hostel/app/cache/prod/classes.php line 3622 [] []
[2013-06-08 19:20:29] request.ERROR: Uncaught PHP Exception Symfony\Component\HttpKernel\Exception\NotFoundHttpException: "No route found for "GET /assets/css/themes/headers/default.css"" at /var/www/symfony2_hostel/app/cache/prod/classes.php line 3622 [] []
[2013-06-08 19:22:33] request.ERROR: Uncaught PHP Exception Symfony\Component\HttpKernel\Exception\NotFoundHttpException: "No route found for "GET /assets/css/themes/headers/default.css"" at /var/www/symfony2_hostel/app/cache/prod/classes.php line 3622 [] []
[2013-06-08 19:23:43] request.ERROR: Uncaught PHP Exception Symfony\Component\HttpKernel\Exception\NotFoundHttpException: "No route found for "GET /assets/css/themes/headers/default.css"" at /var/www/symfony2_hostel/app/cache/prod/classes.php line 3622 [] []
[2013-06-08 19:28:45] request.ERROR: Uncaught PHP Exception Symfony\Component\HttpKernel\Exception\NotFoundHttpException: "No route found for "GET /assets/css/themes/headers/default.css"" at /var/www/symfony2_hostel/app/cache/prod/classes.php line 3622 [] []
[2013-06-08 19:28:49] request.ERROR: Uncaught PHP Exception Symfony\Component\HttpKernel\Exception\NotFoundHttpException: "No route found for "GET /assets/css/themes/headers/default.css"" at /var/www/symfony2_hostel/app/cache/prod/classes.php line 3622 [] []
[2013-06-08 19:32:11] request.ERROR: Uncaught PHP Exception Symfony\Component\HttpKernel\Exception\NotFoundHttpException: "No route found for "GET /assets/css/themes/headers/default.css"" at /var/www/symfony2_hostel/app/cache/prod/classes.php line 3622 [] []
[2013-06-08 19:32:14] request.ERROR: Uncaught PHP Exception Symfony\Component\HttpKernel\Exception\NotFoundHttpException: "No route found for "GET /assets/css/themes/headers/default.css"" at /var/www/symfony2_hostel/app/cache/prod/classes.php line 3622 [] []
[2013-06-08 19:32:16] request.ERROR: Uncaught PHP Exception Symfony\Component\HttpKernel\Exception\NotFoundHttpException: "No route found for "GET /assets/css/themes/headers/default.css"" at /var/www/symfony2_hostel/app/cache/prod/classes.php line 3622 [] []
[2013-06-08 19:45:11] request.ERROR: Uncaught PHP Exception Symfony\Component\HttpKernel\Exception\NotFoundHttpException: "No route found for "GET /assets/css/themes/headers/default.css"" at /var/www/symfony2_hostel/app/cache/prod/classes.php line 3622 [] []
[2013-06-08 19:47:31] request.ERROR: Uncaught PHP Exception Symfony\Component\HttpKernel\Exception\NotFoundHttpException: "No route found for "GET /assets/css/themes/headers/default.css"" at /var/www/symfony2_hostel/app/cache/prod/classes.php line 3622 [] []
[2013-06-08 19:50:34] request.ERROR: Uncaught PHP Exception Symfony\Component\HttpKernel\Exception\NotFoundHttpException: "No route found for "GET /assets/css/themes/headers/default.css"" at /var/www/symfony2_hostel/app/cache/prod/classes.php line 3622 [] []
[2013-06-08 19:50:35] request.ERROR: Uncaught PHP Exception Symfony\Component\HttpKernel\Exception\NotFoundHttpException: "No route found for "GET /assets/css/themes/headers/default.css"" at /var/www/symfony2_hostel/app/cache/prod/classes.php line 3622 [] []
[2013-06-08 19:54:03] request.ERROR: Uncaught PHP Exception Symfony\Component\HttpKernel\Exception\NotFoundHttpException: "No route found for "GET /assets/css/themes/headers/default.css"" at /var/www/symfony2_hostel/app/cache/prod/classes.php line 3622 [] []
[2013-06-08 19:54:17] request.ERROR: Uncaught PHP Exception Symfony\Component\HttpKernel\Exception\NotFoundHttpException: "No route found for "GET /assets/css/themes/headers/default.css"" at /var/www/symfony2_hostel/app/cache/prod/classes.php line 3622 [] []
[2013-06-08 19:56:54] request.ERROR: Uncaught PHP Exception Symfony\Component\HttpKernel\Exception\NotFoundHttpException: "No route found for "GET /assets/css/themes/headers/default.css"" at /var/www/symfony2_hostel/app/cache/prod/classes.php line 3622 [] []
[2013-06-08 19:59:00] request.ERROR: Uncaught PHP Exception Symfony\Component\HttpKernel\Exception\NotFoundHttpException: "No route found for "GET /assets/css/themes/headers/default.css"" at /var/www/symfony2_hostel/app/cache/prod/classes.php line 3622 [] []
[2013-06-08 20:57:17] request.ERROR: Uncaught PHP Exception Symfony\Component\HttpKernel\Exception\NotFoundHttpException: "No route found for "GET /assets/css/themes/headers/default.css"" at /var/www/symfony2_hostel/app/cache/prod/classes.php line 3622 [] []
[2013-06-08 20:59:17] request.ERROR: Uncaught PHP Exception Symfony\Component\HttpKernel\Exception\NotFoundHttpException: "No route found for "GET /assets/css/themes/headers/default.css"" at /var/www/symfony2_hostel/app/cache/prod/classes.php line 3622 [] []
[2013-06-08 21:01:05] request.ERROR: Uncaught PHP Exception Symfony\Component\HttpKernel\Exception\NotFoundHttpException: "No route found for "GET /assets/css/themes/headers/default.css"" at /var/www/symfony2_hostel/app/cache/prod/classes.php line 3622 [] []
[2013-06-08 21:01:34] request.ERROR: Uncaught PHP Exception Symfony\Component\HttpKernel\Exception\NotFoundHttpException: "No route found for "GET /assets/css/themes/headers/default.css"" at /var/www/symfony2_hostel/app/cache/prod/classes.php line 3622 [] []
[2013-06-08 21:01:56] request.ERROR: Uncaught PHP Exception Symfony\Component\HttpKernel\Exception\NotFoundHttpException: "No route found for "GET /assets/css/themes/headers/default.css"" at /var/www/symfony2_hostel/app/cache/prod/classes.php line 3622 [] []
[2013-06-08 21:03:33] request.ERROR: Uncaught PHP Exception Symfony\Component\HttpKernel\Exception\NotFoundHttpException: "No route found for "GET /assets/css/themes/headers/default.css"" at /var/www/symfony2_hostel/app/cache/prod/classes.php line 3622 [] []
[2013-06-08 21:03:38] request.ERROR: Uncaught PHP Exception Symfony\Component\HttpKernel\Exception\NotFoundHttpException: "No route found for "GET /assets/css/themes/headers/default.css"" at /var/www/symfony2_hostel/app/cache/prod/classes.php line 3622 [] []
[2013-06-08 21:03:40] request.ERROR: Uncaught PHP Exception Symfony\Component\HttpKernel\Exception\NotFoundHttpException: "No route found for "GET /assets/css/themes/headers/default.css"" at /var/www/symfony2_hostel/app/cache/prod/classes.php line 3622 [] []
[2013-06-08 21:04:14] request.ERROR: Uncaught PHP Exception Symfony\Component\HttpKernel\Exception\NotFoundHttpException: "No route found for "GET /assets/css/themes/headers/default.css"" at /var/www/symfony2_hostel/app/cache/prod/classes.php line 3622 [] []
[2013-06-08 21:05:44] request.ERROR: Uncaught PHP Exception Symfony\Component\HttpKernel\Exception\NotFoundHttpException: "No route found for "GET /assets/css/themes/headers/default.css"" at /var/www/symfony2_hostel/app/cache/prod/classes.php line 3622 [] []
[2013-06-08 21:06:10] request.ERROR: Uncaught PHP Exception Symfony\Component\HttpKernel\Exception\NotFoundHttpException: "No route found for "GET /assets/css/themes/headers/default.css"" at /var/www/symfony2_hostel/app/cache/prod/classes.php line 3622 [] []
[2013-06-08 21:23:50] request.ERROR: Uncaught PHP Exception Symfony\Component\HttpKernel\Exception\NotFoundHttpException: "No route found for "GET /assets/css/themes/headers/default.css"" at /var/www/symfony2_hostel/app/cache/prod/classes.php line 3622 [] []
[2013-06-08 21:26:14] request.ERROR: Uncaught PHP Exception Symfony\Component\HttpKernel\Exception\NotFoundHttpException: "No route found for "GET /assets/css/themes/headers/default.css"" at /var/www/symfony2_hostel/app/cache/prod/classes.php line 3622 [] []
[2013-06-08 21:26:46] request.ERROR: Uncaught PHP Exception Symfony\Component\HttpKernel\Exception\NotFoundHttpException: "No route found for "GET /assets/css/themes/headers/default.css"" at /var/www/symfony2_hostel/app/cache/prod/classes.php line 3622 [] []
[2013-06-08 21:27:14] request.ERROR: Uncaught PHP Exception Symfony\Component\HttpKernel\Exception\NotFoundHttpException: "No route found for "GET /assets/css/themes/headers/default.css"" at /var/www/symfony2_hostel/app/cache/prod/classes.php line 3622 [] []
[2013-06-08 21:27:37] request.ERROR: Uncaught PHP Exception Symfony\Component\HttpKernel\Exception\NotFoundHttpException: "No route found for "GET /assets/css/themes/headers/default.css"" at /var/www/symfony2_hostel/app/cache/prod/classes.php line 3622 [] []
[2013-06-08 21:27:44] request.ERROR: Uncaught PHP Exception Symfony\Component\HttpKernel\Exception\NotFoundHttpException: "No route found for "GET /assets/css/themes/headers/default.css"" at /var/www/symfony2_hostel/app/cache/prod/classes.php line 3622 [] []
[2013-06-08 21:28:57] request.ERROR: Uncaught PHP Exception Symfony\Component\HttpKernel\Exception\NotFoundHttpException: "No route found for "GET /assets/css/themes/headers/default.css"" at /var/www/symfony2_hostel/app/cache/prod/classes.php line 3622 [] []
[2013-06-08 21:30:10] request.ERROR: Uncaught PHP Exception Symfony\Component\HttpKernel\Exception\NotFoundHttpException: "No route found for "GET /assets/css/themes/headers/default.css"" at /var/www/symfony2_hostel/app/cache/prod/classes.php line 3622 [] []
[2013-06-08 21:30:28] request.ERROR: Uncaught PHP Exception Symfony\Component\HttpKernel\Exception\NotFoundHttpException: "No route found for "GET /assets/css/themes/headers/default.css"" at /var/www/symfony2_hostel/app/cache/prod/classes.php line 3622 [] []
[2013-06-08 21:33:02] request.ERROR: Uncaught PHP Exception Symfony\Component\HttpKernel\Exception\NotFoundHttpException: "No route found for "GET /assets/css/themes/headers/default.css"" at /var/www/symfony2_hostel/app/cache/prod/classes.php line 3622 [] []
[2013-06-08 21:33:45] request.ERROR: Uncaught PHP Exception Symfony\Component\HttpKernel\Exception\NotFoundHttpException: "No route found for "GET /location"" at /var/www/symfony2_hostel/app/cache/prod/classes.php line 3622 [] []
[2013-06-08 21:33:49] request.ERROR: Uncaught PHP Exception Symfony\Component\HttpKernel\Exception\NotFoundHttpException: "No route found for "GET /location"" at /var/www/symfony2_hostel/app/cache/prod/classes.php line 3622 [] []
[2013-06-08 21:34:03] request.ERROR: Uncaught PHP Exception Symfony\Component\HttpKernel\Exception\NotFoundHttpException: "No route found for "GET /assets/css/themes/headers/default.css"" at /var/www/symfony2_hostel/app/cache/prod/classes.php line 3622 [] []
[2013-06-08 21:34:07] request.ERROR: Uncaught PHP Exception Symfony\Component\HttpKernel\Exception\NotFoundHttpException: "No route found for "GET /assets/css/themes/headers/default.css"" at /var/www/symfony2_hostel/app/cache/prod/classes.php line 3622 [] []
[2013-06-08 21:34:10] request.ERROR: Uncaught PHP Exception Symfony\Component\HttpKernel\Exception\NotFoundHttpException: "No route found for "GET /assets/css/themes/headers/default.css"" at /var/www/symfony2_hostel/app/cache/prod/classes.php line 3622 [] []
[2013-06-08 21:34:13] request.ERROR: Uncaught PHP Exception Symfony\Component\HttpKernel\Exception\NotFoundHttpException: "No route found for "GET /assets/css/themes/headers/default.css"" at /var/www/symfony2_hostel/app/cache/prod/classes.php line 3622 [] []
[2013-06-08 21:34:15] request.ERROR: Uncaught PHP Exception Symfony\Component\HttpKernel\Exception\NotFoundHttpException: "No route found for "GET /assets/css/themes/headers/default.css"" at /var/www/symfony2_hostel/app/cache/prod/classes.php line 3622 [] []
[2013-06-09 14:06:14] request.ERROR: Uncaught PHP Exception Symfony\Component\HttpKernel\Exception\NotFoundHttpException: "No route found for "GET /assets/css/themes/headers/default.css"" at /var/www/symfony2_hostel/app/cache/prod/classes.php line 3622 [] []
[2013-06-09 14:06:20] request.ERROR: Uncaught PHP Exception Symfony\Component\HttpKernel\Exception\NotFoundHttpException: "No route found for "GET /assets/css/themes/headers/default.css"" at /var/www/symfony2_hostel/app/cache/prod/classes.php line 3622 [] []
[2013-06-09 14:07:59] request.ERROR: Uncaught PHP Exception Symfony\Component\HttpKernel\Exception\NotFoundHttpException: "No route found for "GET /assets/css/themes/headers/default.css"" at /var/www/symfony2_hostel/app/cache/prod/classes.php line 3622 [] []
[2013-06-09 14:09:31] request.ERROR: Uncaught PHP Exception Symfony\Component\HttpKernel\Exception\NotFoundHttpException: "No route found for "GET /assets/css/themes/headers/default.css"" at /var/www/symfony2_hostel/app/cache/prod/classes.php line 3622 [] []
[2013-06-09 14:14:36] request.ERROR: Uncaught PHP Exception Symfony\Component\HttpKernel\Exception\NotFoundHttpException: "No route found for "GET /assets/css/themes/headers/default.css"" at /var/www/symfony2_hostel/app/cache/prod/classes.php line 3622 [] []
[2013-06-09 14:25:47] request.ERROR: Uncaught PHP Exception Symfony\Component\HttpKernel\Exception\NotFoundHttpException: "No route found for "GET /assets/css/themes/headers/default.css"" at /var/www/symfony2_hostel/app/cache/prod/classes.php line 3622 [] []
[2013-06-09 14:28:45] request.ERROR: Uncaught PHP Exception Symfony\Component\HttpKernel\Exception\NotFoundHttpException: "No route found for "GET /assets/css/themes/headers/default.css"" at /var/www/symfony2_hostel/app/cache/prod/classes.php line 3622 [] []
[2013-06-09 14:31:35] request.ERROR: Uncaught PHP Exception Symfony\Component\HttpKernel\Exception\NotFoundHttpException: "No route found for "GET /assets/css/themes/headers/default.css"" at /var/www/symfony2_hostel/app/cache/prod/classes.php line 3622 [] []
[2013-06-09 14:38:50] request.ERROR: Uncaught PHP Exception Symfony\Component\HttpKernel\Exception\NotFoundHttpException: "No route found for "GET /assets/css/themes/headers/default.css"" at /var/www/symfony2_hostel/app/cache/prod/classes.php line 3622 [] []
[2013-06-09 14:44:59] request.ERROR: Uncaught PHP Exception Symfony\Component\HttpKernel\Exception\NotFoundHttpException: "No route found for "GET /assets/css/themes/headers/default.css"" at /var/www/symfony2_hostel/app/cache/prod/classes.php line 3622 [] []
[2013-06-09 14:46:06] request.ERROR: Uncaught PHP Exception Symfony\Component\HttpKernel\Exception\NotFoundHttpException: "No route found for "GET /assets/css/themes/headers/default.css"" at /var/www/symfony2_hostel/app/cache/prod/classes.php line 3622 [] []
[2013-06-09 14:46:28] request.ERROR: Uncaught PHP Exception Symfony\Component\HttpKernel\Exception\NotFoundHttpException: "No route found for "GET /assets/css/themes/headers/default.css"" at /var/www/symfony2_hostel/app/cache/prod/classes.php line 3622 [] []
[2013-06-09 14:47:39] request.ERROR: Uncaught PHP Exception Symfony\Component\HttpKernel\Exception\NotFoundHttpException: "No route found for "GET /assets/css/themes/headers/default.css"" at /var/www/symfony2_hostel/app/cache/prod/classes.php line 3622 [] []
[2013-06-09 14:47:52] request.ERROR: Uncaught PHP Exception Symfony\Component\HttpKernel\Exception\NotFoundHttpException: "No route found for "GET /assets/css/themes/headers/default.css"" at /var/www/symfony2_hostel/app/cache/prod/classes.php line 3622 [] []
[2013-06-09 14:48:51] request.ERROR: Uncaught PHP Exception Symfony\Component\HttpKernel\Exception\NotFoundHttpException: "No route found for "GET /assets/css/themes/headers/default.css"" at /var/www/symfony2_hostel/app/cache/prod/classes.php line 3622 [] []
[2013-06-09 14:50:23] request.ERROR: Uncaught PHP Exception Symfony\Component\HttpKernel\Exception\NotFoundHttpException: "No route found for "GET /assets/css/themes/headers/default.css"" at /var/www/symfony2_hostel/app/cache/prod/classes.php line 3622 [] []
[2013-06-09 14:51:02] request.ERROR: Uncaught PHP Exception Symfony\Component\HttpKernel\Exception\NotFoundHttpException: "No route found for "GET /assets/css/themes/headers/default.css"" at /var/www/symfony2_hostel/app/cache/prod/classes.php line 3622 [] []
[2013-06-09 15:04:43] request.ERROR: Uncaught PHP Exception Symfony\Component\HttpKernel\Exception\NotFoundHttpException: "No route found for "GET /assets/css/headers/header2-blue.css"" at /var/www/symfony2_hostel/app/cache/prod/classes.php line 3622 [] []
[2013-06-09 15:05:11] request.ERROR: Uncaught PHP Exception Symfony\Component\HttpKernel\Exception\NotFoundHttpException: "No route found for "GET /assets/css/headers/header1-blue.css"" at /var/www/symfony2_hostel/app/cache/prod/classes.php line 3622 [] []
[2013-06-09 15:05:36] request.ERROR: Uncaught PHP Exception Symfony\Component\HttpKernel\Exception\NotFoundHttpException: "No route found for "GET /assets/css/headers/header2-blue.css"" at /var/www/symfony2_hostel/app/cache/prod/classes.php line 3622 [] []
[2013-06-11 19:24:31] request.ERROR: Uncaught PHP Exception Symfony\Component\HttpKernel\Exception\NotFoundHttpException: "No route found for "GET /"" at /var/www/symfony2_hostel/app/cache/prod/classes.php line 3622 [] []
[2013-06-12 21:29:40] request.ERROR: Uncaught PHP Exception Symfony\Component\HttpKernel\Exception\NotFoundHttpException: "No route found for "GET /investors"" at /var/www/symfony2_hostel/app/cache/prod/classes.php line 3622 [] []
